Build started 2015-12-11 10:39:46.
     1>Project "C:\Users\Daniel\Documents\Visual Studio 2013\Projects\Editor\Editor\Editor.vcxproj" on node 2 (Build target(s)).
     1>ClCompile:
         C:\Program Files (x86)\Microsoft Visual Studio 12.0\VC\bin\CL.exe /c /ZI /nologo /W3 /WX- /sdl /Od /Oy- /D WIN32 /D _DEBUG /D _WINDOWS /D _UNICODE /D UNICODE /Gm /EHsc /RTC1 /MDd /GS /fp:precise /Zc:wchar_t /Zc:forScope /Fo"Debug\\" /Fd"Debug\vc120.pdb" /Gd /TP /analyze- /errorReport:prompt Map.cpp
         Map.cpp
     1>c:\users\daniel\documents\visual studio 2013\projects\editor\editor\map.cpp(35): warning C4018: '<' : signed/unsigned mismatch
     1>c:\users\daniel\documents\visual studio 2013\projects\editor\editor\map.cpp(186): warning C4018: '<' : signed/unsigned mismatch
     1>c:\users\daniel\documents\visual studio 2013\projects\editor\editor\map.cpp(251): warning C4018: '<' : signed/unsigned mismatch
     1>c:\users\daniel\documents\visual studio 2013\projects\editor\editor\map.cpp(255): warning C4018: '<' : signed/unsigned mismatch
       Link:
         C:\Program Files (x86)\Microsoft Visual Studio 12.0\VC\bin\link.exe /ERRORREPORT:PROMPT /OUT:"C:\Users\Daniel\Documents\Visual Studio 2013\Projects\Editor\Debug\Editor.exe" /INCREMENTAL /NOLOGO SDL2.lib SDL2_ttf.lib SDL2main.lib kernel32.lib user32.lib gdi32.lib winspool.lib comdlg32.lib advapi32.lib shell32.lib ole32.lib oleaut32.lib uuid.lib odbc32.lib odbccp32.lib /MANIFEST /MANIFESTUAC:"level='asInvoker' uiAccess='false'" /manifest:embed /DEBUG /PDB:"C:\Users\Daniel\Documents\Visual Studio 2013\Projects\Editor\Debug\Editor.pdb" /SUBSYSTEM:WINDOWS /TLBID:1 /DYNAMICBASE /NXCOMPAT /IMPLIB:"C:\Users\Daniel\Documents\Visual Studio 2013\Projects\Editor\Debug\Editor.lib" /MACHINE:X86 Debug\Camera.obj
         Debug\GameEngine.obj
         Debug\InputHandler.obj
         Debug\main.obj
         Debug\Map.obj
         Debug\MapState.obj
         Debug\TileMenu.obj
     1>MSVCRTD.lib(cinitexe.obj) : warning LNK4098: defaultlib 'msvcrt.lib' conflicts with use of other libs; use /NODEFAULTLIB:library
         Editor.vcxproj -> C:\Users\Daniel\Documents\Visual Studio 2013\Projects\Editor\Debug\Editor.exe
     1>Done Building Project "C:\Users\Daniel\Documents\Visual Studio 2013\Projects\Editor\Editor\Editor.vcxproj" (Build target(s)).

Build succeeded.

Time Elapsed 00:00:09.22
